2025-08-06 15:42:26,934 - INFO - Created/verified directory: mufap_data\PKISRV
2025-08-06 15:42:26,935 - INFO - Created/verified directory: mufap_data\PKRV
2025-08-06 15:42:26,935 - INFO - Created/verified directory: mufap_data\PKFRV
2025-08-06 15:42:26,944 - INFO - Database initialized: mufap_data\mufap_data.db
2025-08-06 15:42:26,945 - INFO - Starting MUFAP data scraper...
2025-08-06 15:42:28,985 - INFO - Chrome driver initialized successfully
2025-08-06 15:42:28,985 - INFO - Navigating to: https://mufap.com.pk/WebRegulations/Index?Head=Pricing&title=PKRV/PKISRV/PKFRV
2025-08-06 15:42:40,612 - INFO - Processing page 1
2025-08-06 15:42:42,334 - INFO - Saved to DB: Aug 05, 2025 - PKFRV05082025
2025-08-06 15:42:47,780 - INFO - Processed 1 rows on page 1
2025-08-06 15:42:47,787 - INFO - No more pages to process
2025-08-06 15:42:47,788 - INFO - Scraping completed. Total records processed: 1
2025-08-06 15:42:49,940 - INFO - Browser closed
2025-08-06 15:42:49,941 - INFO - Database connection closed
2025-08-06 15:42:49,941 - ERROR - Scraping failed: Cannot operate on a closed database.
2025-08-06 15:42:54,040 - WARNING - Retrying (Retry(total=2, connect=None, read=None, redirect=None, status=None)) after connection broken by 'NewConnectionError('<urllib3.connection.HTTPConnection object at 0x00000220588BB740>: Failed to establish a new connection: [WinError 10061] No connection could be made because the target machine actively refused it')': /session/924d3d72c16e63a0a220fae1f1bd8ae7
2025-08-06 15:43:09,621 - INFO - Created/verified directory: mufap_data\PKISRV
2025-08-06 15:43:09,621 - INFO - Created/verified directory: mufap_data\PKRV
2025-08-06 15:43:09,622 - INFO - Created/verified directory: mufap_data\PKFRV
2025-08-06 15:43:09,623 - INFO - Database initialized: mufap_data\mufap_data.db
2025-08-06 15:43:09,623 - INFO - Starting MUFAP data scraper...
2025-08-06 15:43:10,946 - INFO - Chrome driver initialized successfully
2025-08-06 15:43:10,946 - INFO - Navigating to: https://mufap.com.pk/WebRegulations/Index?Head=Pricing&title=PKRV/PKISRV/PKFRV
2025-08-06 15:43:22,864 - INFO - Processing page 1
2025-08-06 15:43:23,123 - INFO - Skipping duplicate: Aug 05, 2025 - PKFRV05082025
2025-08-06 15:43:28,559 - INFO - Processed 1 rows on page 1
2025-08-06 15:43:28,564 - INFO - No more pages to process
2025-08-06 15:43:28,564 - INFO - Scraping completed. Total records processed: 1
2025-08-06 15:43:30,720 - INFO - Browser closed
2025-08-06 15:43:30,720 - INFO - Database connection closed
2025-08-06 15:43:30,720 - ERROR - Scraping failed: Cannot operate on a closed database.
2025-08-06 15:43:34,804 - WARNING - Retrying (Retry(total=2, connect=None, read=None, redirect=None, status=None)) after connection broken by 'NewConnectionError('<urllib3.connection.HTTPConnection object at 0x000001F787EBB650>: Failed to establish a new connection: [WinError 10061] No connection could be made because the target machine actively refused it')': /session/673b41121d9d6335438e7ee2c332e5e9
2025-08-06 15:43:38,878 - WARNING - Retrying (Retry(total=1, connect=None, read=None, redirect=None, status=None)) after connection broken by 'NewConnectionError('<urllib3.connection.HTTPConnection object at 0x000001F787EBBA10>: Failed to establish a new connection: [WinError 10061] No connection could be made because the target machine actively refused it')': /session/673b41121d9d6335438e7ee2c332e5e9
2025-08-06 15:43:42,974 - WARNING - Retrying (Retry(total=0, connect=None, read=None, redirect=None, status=None)) after connection broken by 'NewConnectionError('<urllib3.connection.HTTPConnection object at 0x000001F787EBBC20>: Failed to establish a new connection: [WinError 10061] No connection could be made because the target machine actively refused it')': /session/673b41121d9d6335438e7ee2c332e5e9
2025-08-06 15:43:51,146 - INFO - Browser closed
2025-08-06 15:43:51,147 - INFO - Database connection closed
2025-08-06 15:45:34,317 - INFO - Created/verified directory: mufap_data\PKISRV
2025-08-06 15:45:34,318 - INFO - Created/verified directory: mufap_data\PKRV
2025-08-06 15:45:34,318 - INFO - Created/verified directory: mufap_data\PKFRV
2025-08-06 15:45:34,318 - INFO - Database initialized: mufap_data\mufap_data.db
2025-08-06 15:45:34,318 - INFO - Starting MUFAP data scraper...
2025-08-06 15:45:35,680 - INFO - Chrome driver initialized successfully
2025-08-06 15:45:35,680 - INFO - Navigating to: https://mufap.com.pk/WebRegulations/Index?Head=Pricing&title=PKRV/PKISRV/PKFRV
2025-08-06 15:45:46,158 - INFO - Processing page 1
2025-08-06 15:45:46,167 - INFO - Processed 0 rows on page 1
2025-08-06 15:45:46,176 - INFO - No more pages to process
2025-08-06 15:45:46,177 - INFO - Scraping completed. Total records processed: 0
2025-08-06 15:45:48,318 - INFO - Browser closed
2025-08-06 15:45:48,324 - INFO - Scraping Statistics:
2025-08-06 15:45:48,325 - INFO -   total_records: 1
2025-08-06 15:45:48,325 - INFO -   PKISRV_count: 0
2025-08-06 15:45:48,325 - INFO -   PKRV_count: 0
2025-08-06 15:45:48,325 - INFO -   PKFRV_count: 1
2025-08-06 15:45:48,325 - INFO -   records_with_files: 0
2025-08-06 15:50:35,459 - INFO - Created/verified directory: mufap_data\PKISRV
2025-08-06 15:50:35,459 - INFO - Created/verified directory: mufap_data\PKRV
2025-08-06 15:50:35,460 - INFO - Created/verified directory: mufap_data\PKFRV
2025-08-06 15:50:35,460 - INFO - Database initialized: mufap_data\mufap_data.db
2025-08-06 15:50:35,460 - INFO - Starting MUFAP data scraper...
2025-08-06 15:50:36,812 - INFO - Chrome driver initialized successfully
2025-08-06 15:50:36,812 - INFO - Navigating to: https://mufap.com.pk/WebRegulations/Index?Head=Pricing&title=PKRV/PKISRV/PKFRV
2025-08-06 15:50:45,114 - INFO - Processing page 1
2025-08-06 15:50:45,114 - INFO - Attempting to extract table rows (timeout: 15s)...
2025-08-06 15:50:51,117 - INFO - Attempt 9: Found 30 rows
2025-08-06 15:50:51,117 - INFO - Extracted 30 rows after 9 attempts
2025-08-06 15:50:51,117 - INFO - Skipping duplicate: Aug 05, 2025 - PKFRV05082025
2025-08-06 15:50:57,597 - INFO - Saved to DB: Aug 05, 2025 - PKISRV05082025
2025-08-06 15:51:02,962 - INFO - Saved to DB: Aug 05, 2025 - PKRV05082025
2025-08-06 15:51:10,150 - INFO - Saved to DB: Aug 04, 2025 - PKFRV04082025
2025-08-06 15:51:16,764 - INFO - Saved to DB: Aug 04, 2025 - PKISRV04082025
2025-08-06 15:51:20,123 - WARNING - Retrying (Retry(total=2, connect=None, read=None, redirect=None, status=None)) after connection broken by 'ConnectionResetError(10054, 'An existing connection was forcibly closed by the remote host', None, 10054, None)': /session/683e581f7d59e3b89f18ea46ca20b66c
2025-08-06 15:51:22,176 - INFO - Scraping interrupted by user
2025-08-06 15:55:24,526 - INFO - Created/verified directory: mufap_data\PKISRV
2025-08-06 15:55:24,526 - INFO - Created/verified directory: mufap_data\PKRV
2025-08-06 15:55:24,527 - INFO - Created/verified directory: mufap_data\PKFRV
2025-08-06 15:55:24,527 - INFO - Database initialized: mufap_data\mufap_data.db
2025-08-06 15:55:24,527 - INFO - Starting MUFAP data scraper...
2025-08-06 15:55:25,877 - INFO - Chrome driver initialized successfully
2025-08-06 15:55:25,878 - INFO - Navigating to: https://mufap.com.pk/WebRegulations/Index?Head=Pricing&title=PKRV/PKISRV/PKFRV
2025-08-06 15:55:35,307 - WARNING - Retrying (Retry(total=2, connect=None, read=None, redirect=None, status=None)) after connection broken by 'ConnectionResetError(10054, 'An existing connection was forcibly closed by the remote host', None, 10054, None)': /session/18fa6d764249ee3563a502e697521880
2025-08-06 15:55:41,480 - INFO - Scraping interrupted by user
2025-08-06 15:55:46,308 - INFO - Created/verified directory: mufap_data\PKISRV
2025-08-06 15:55:46,308 - INFO - Created/verified directory: mufap_data\PKRV
2025-08-06 15:55:46,308 - INFO - Created/verified directory: mufap_data\PKFRV
2025-08-06 15:55:46,309 - INFO - Database initialized: mufap_data\mufap_data.db
2025-08-06 15:55:46,309 - INFO - Starting MUFAP data scraper...
2025-08-06 15:55:47,660 - INFO - Chrome driver initialized successfully
2025-08-06 15:55:47,660 - INFO - Navigating to: https://mufap.com.pk/WebRegulations/Index?Head=Pricing&title=PKRV/PKISRV/PKFRV
2025-08-06 15:55:55,295 - INFO - Processing page 1
2025-08-06 15:55:55,295 - INFO - Attempting to extract table rows (timeout: 15s)...
2025-08-06 15:55:58,677 - INFO - Attempt 4: Found 30 rows
2025-08-06 15:55:58,677 - INFO - Extracted 30 rows after 4 attempts
2025-08-06 15:55:58,677 - INFO - Re-attempting download for: Aug 05, 2025 - PKFRV05082025
2025-08-06 15:55:58,687 - INFO - Attempting to download: PKFRV05082025
2025-08-06 15:55:58,687 - INFO - Download URL: https://mufap.com.pk/Upload/WebDoc/IndustryStatictics/PKFRV0508202523834.csv
2025-08-06 15:56:00,730 - ERROR - Download failed for PKFRV05082025: Message: no such window: target window already closed
from unknown error: web view not found
  (Session info: chrome=138.0.7204.184)
Stacktrace:
	GetHandleVerifier [0x0x7ff7129fe415+77285]
	GetHandleVerifier [0x0x7ff7129fe470+77376]
	(No symbol) [0x0x7ff7127c9a6a]
	(No symbol) [0x0x7ff7127a1f21]
	(No symbol) [0x0x7ff71284f9be]
	(No symbol) [0x0x7ff712859390]
	(No symbol) [0x0x7ff7128485d0]
	(No symbol) [0x0x7ff712811521]
	(No symbol) [0x0x7ff7128122b3]
	GetHandleVerifier [0x0x7ff712ce1efd+3107021]
	GetHandleVerifier [0x0x7ff712cdc29d+3083373]
	GetHandleVerifier [0x0x7ff712cfbedd+3213485]
	GetHandleVerifier [0x0x7ff712a1884e+184862]
	GetHandleVerifier [0x0x7ff712a2055f+216879]
	GetHandleVerifier [0x0x7ff712a07084+113236]
	GetHandleVerifier [0x0x7ff712a07239+113673]
	GetHandleVerifier [0x0x7ff7129ee298+11368]
	BaseThreadInitThunk [0x0x7ffbce1fe8d7+23]
	RtlUserThreadStart [0x0x7ffbceb7c34c+44]

2025-08-06 15:56:00,766 - ERROR - Scraping failed: Message: no such window: target window already closed
from unknown error: web view not found
  (Session info: chrome=138.0.7204.184)
Stacktrace:
	GetHandleVerifier [0x0x7ff7129fe415+77285]
	GetHandleVerifier [0x0x7ff7129fe470+77376]
	(No symbol) [0x0x7ff7127c9a6a]
	(No symbol) [0x0x7ff7127a1f21]
	(No symbol) [0x0x7ff71284f9be]
	(No symbol) [0x0x7ff712870192]
	(No symbol) [0x0x7ff7128483e3]
	(No symbol) [0x0x7ff712811521]
	(No symbol) [0x0x7ff7128122b3]
	GetHandleVerifier [0x0x7ff712ce1efd+3107021]
	GetHandleVerifier [0x0x7ff712cdc29d+3083373]
	GetHandleVerifier [0x0x7ff712cfbedd+3213485]
	GetHandleVerifier [0x0x7ff712a1884e+184862]
	GetHandleVerifier [0x0x7ff712a2055f+216879]
	GetHandleVerifier [0x0x7ff712a07084+113236]
	GetHandleVerifier [0x0x7ff712a07239+113673]
	GetHandleVerifier [0x0x7ff7129ee298+11368]
	BaseThreadInitThunk [0x0x7ffbce1fe8d7+23]
	RtlUserThreadStart [0x0x7ffbceb7c34c+44]

2025-08-06 15:56:02,916 - INFO - Browser closed
2025-08-06 15:56:02,917 - ERROR - Scraping failed: Message: no such window: target window already closed
from unknown error: web view not found
  (Session info: chrome=138.0.7204.184)
Stacktrace:
	GetHandleVerifier [0x0x7ff7129fe415+77285]
	GetHandleVerifier [0x0x7ff7129fe470+77376]
	(No symbol) [0x0x7ff7127c9a6a]
	(No symbol) [0x0x7ff7127a1f21]
	(No symbol) [0x0x7ff71284f9be]
	(No symbol) [0x0x7ff712870192]
	(No symbol) [0x0x7ff7128483e3]
	(No symbol) [0x0x7ff712811521]
	(No symbol) [0x0x7ff7128122b3]
	GetHandleVerifier [0x0x7ff712ce1efd+3107021]
	GetHandleVerifier [0x0x7ff712cdc29d+3083373]
	GetHandleVerifier [0x0x7ff712cfbedd+3213485]
	GetHandleVerifier [0x0x7ff712a1884e+184862]
	GetHandleVerifier [0x0x7ff712a2055f+216879]
	GetHandleVerifier [0x0x7ff712a07084+113236]
	GetHandleVerifier [0x0x7ff712a07239+113673]
	GetHandleVerifier [0x0x7ff7129ee298+11368]
	BaseThreadInitThunk [0x0x7ffbce1fe8d7+23]
	RtlUserThreadStart [0x0x7ffbceb7c34c+44]

2025-08-06 15:58:08,043 - INFO - Created/verified directory: mufap_data\PKISRV
2025-08-06 15:58:08,043 - INFO - Created/verified directory: mufap_data\PKRV
2025-08-06 15:58:08,044 - INFO - Created/verified directory: mufap_data\PKFRV
2025-08-06 15:58:08,045 - INFO - Database initialized: mufap_data\mufap_data.db
2025-08-06 15:58:08,045 - INFO - Starting MUFAP data scraper...
2025-08-06 15:58:09,430 - INFO - Chrome driver initialized successfully
2025-08-06 15:58:09,430 - INFO - Navigating to: https://mufap.com.pk/WebRegulations/Index?Head=Pricing&title=PKRV/PKISRV/PKFRV
2025-08-06 15:58:19,149 - INFO - Processing page 1
2025-08-06 15:58:19,149 - INFO - Attempting to extract table rows (timeout: 15s)...
2025-08-06 15:58:25,362 - INFO - Attempt 10: Found 30 rows
2025-08-06 15:58:25,362 - INFO - Extracted 30 rows after 10 attempts
2025-08-06 15:58:25,362 - INFO - Re-attempting download for: Aug 05, 2025 - PKFRV05082025
2025-08-06 15:58:25,367 - INFO - Attempting to download: PKFRV05082025
2025-08-06 15:58:25,367 - INFO - Download URL: https://mufap.com.pk/Upload/WebDoc/IndustryStatictics/PKFRV0508202523834.csv
2025-08-06 15:58:31,414 - ERROR - No CSV file found after download for: PKFRV05082025
2025-08-06 15:58:31,427 - WARNING - [WARNING] Saved to DB without file: Aug 05, 2025 - PKFRV05082025
2025-08-06 15:58:35,646 - INFO - Re-attempting download for: Aug 05, 2025 - PKISRV05082025
2025-08-06 15:58:35,664 - INFO - Attempting to download: PKISRV05082025
2025-08-06 15:58:35,664 - INFO - Download URL: https://mufap.com.pk/Upload/WebDoc/IndustryStatictics/PKISRV0508202523833.csv
2025-08-06 15:58:41,709 - ERROR - No CSV file found after download for: PKISRV05082025
2025-08-06 15:58:41,722 - WARNING - [WARNING] Saved to DB without file: Aug 05, 2025 - PKISRV05082025
2025-08-06 15:58:46,097 - INFO - Re-attempting download for: Aug 05, 2025 - PKRV05082025
2025-08-06 15:58:46,107 - INFO - Attempting to download: PKRV05082025
2025-08-06 15:58:46,107 - INFO - Download URL: https://mufap.com.pk/Upload/WebDoc/IndustryStatictics/PKRV0508202523832.csv
2025-08-06 15:58:52,149 - ERROR - No CSV file found after download for: PKRV05082025
2025-08-06 15:58:52,156 - WARNING - [WARNING] Saved to DB without file: Aug 05, 2025 - PKRV05082025
2025-08-06 15:58:56,418 - INFO - Re-attempting download for: Aug 04, 2025 - PKFRV04082025
2025-08-06 15:58:56,427 - INFO - Attempting to download: PKFRV04082025
2025-08-06 15:58:56,427 - INFO - Download URL: https://mufap.com.pk/Upload/WebDoc/IndustryStatictics/PKFRV0408202523825.csv
2025-08-06 15:59:02,770 - ERROR - No CSV file found after download for: PKFRV04082025
2025-08-06 15:59:02,782 - WARNING - [WARNING] Saved to DB without file: Aug 04, 2025 - PKFRV04082025
2025-08-06 15:59:06,978 - INFO - Re-attempting download for: Aug 04, 2025 - PKISRV04082025
2025-08-06 15:59:06,986 - INFO - Attempting to download: PKISRV04082025
2025-08-06 15:59:06,986 - INFO - Download URL: https://mufap.com.pk/Upload/WebDoc/IndustryStatictics/PKISRV0408202523824.csv
2025-08-06 15:59:13,454 - ERROR - No CSV file found after download for: PKISRV04082025
2025-08-06 15:59:13,465 - WARNING - [WARNING] Saved to DB without file: Aug 04, 2025 - PKISRV04082025
2025-08-06 15:59:17,776 - INFO - Attempting to download: PKRV04082025
2025-08-06 15:59:17,776 - INFO - Download URL: https://mufap.com.pk/Upload/WebDoc/IndustryStatictics/PKRV0408202523823.csv
2025-08-06 15:59:21,058 - WARNING - Error during download click: Message: no such window: target window already closed
from unknown error: web view not found
  (Session info: chrome=138.0.7204.184)
Stacktrace:
	GetHandleVerifier [0x0x7ff7129fe415+77285]
	GetHandleVerifier [0x0x7ff7129fe470+77376]
	(No symbol) [0x0x7ff7127c9a6a]
	(No symbol) [0x0x7ff7127a1f21]
	(No symbol) [0x0x7ff71284f9be]
	(No symbol) [0x0x7ff712859390]
	(No symbol) [0x0x7ff7128485d0]
	(No symbol) [0x0x7ff712811521]
	(No symbol) [0x0x7ff7128122b3]
	GetHandleVerifier [0x0x7ff712ce1efd+3107021]
	GetHandleVerifier [0x0x7ff712cdc29d+3083373]
	GetHandleVerifier [0x0x7ff712cfbedd+3213485]
	GetHandleVerifier [0x0x7ff712a1884e+184862]
	GetHandleVerifier [0x0x7ff712a2055f+216879]
	GetHandleVerifier [0x0x7ff712a07084+113236]
	GetHandleVerifier [0x0x7ff712a07239+113673]
	GetHandleVerifier [0x0x7ff7129ee298+11368]
	BaseThreadInitThunk [0x0x7ffbce1fe8d7+23]
	RtlUserThreadStart [0x0x7ffbceb7c34c+44]

2025-08-06 15:59:26,061 - ERROR - No CSV file found after download for: PKRV04082025
2025-08-06 15:59:26,077 - WARNING - [WARNING] Saved to DB without file: Aug 04, 2025 - PKRV04082025
2025-08-06 15:59:29,984 - INFO - Attempting to download: PKFRV01082025
2025-08-06 15:59:29,984 - INFO - Download URL: https://mufap.com.pk/Upload/WebDoc/IndustryStatictics/PKFRV0108202523820.csv
2025-08-06 15:59:33,255 - WARNING - Error during download click: Message: no such window: target window already closed
from unknown error: web view not found
  (Session info: chrome=138.0.7204.184)
Stacktrace:
	GetHandleVerifier [0x0x7ff7129fe415+77285]
	GetHandleVerifier [0x0x7ff7129fe470+77376]
	(No symbol) [0x0x7ff7127c9a6a]
	(No symbol) [0x0x7ff7127a1f21]
	(No symbol) [0x0x7ff71284f9be]
	(No symbol) [0x0x7ff712859390]
	(No symbol) [0x0x7ff7128485d0]
	(No symbol) [0x0x7ff712811521]
	(No symbol) [0x0x7ff7128122b3]
	GetHandleVerifier [0x0x7ff712ce1efd+3107021]
	GetHandleVerifier [0x0x7ff712cdc29d+3083373]
	GetHandleVerifier [0x0x7ff712cfbedd+3213485]
	GetHandleVerifier [0x0x7ff712a1884e+184862]
	GetHandleVerifier [0x0x7ff712a2055f+216879]
	GetHandleVerifier [0x0x7ff712a07084+113236]
	GetHandleVerifier [0x0x7ff712a07239+113673]
	GetHandleVerifier [0x0x7ff7129ee298+11368]
	BaseThreadInitThunk [0x0x7ffbce1fe8d7+23]
	RtlUserThreadStart [0x0x7ffbceb7c34c+44]

2025-08-06 15:59:38,260 - ERROR - No CSV file found after download for: PKFRV01082025
2025-08-06 15:59:38,271 - WARNING - [WARNING] Saved to DB without file: Aug 01, 2025 - PKFRV01082025
2025-08-06 15:59:42,374 - INFO - Attempting to download: PKISRV01082025
2025-08-06 15:59:42,374 - INFO - Download URL: https://mufap.com.pk/Upload/WebDoc/IndustryStatictics/PKISRV0108202523819.csv
2025-08-06 15:59:49,054 - ERROR - No CSV file found after download for: PKISRV01082025
2025-08-06 15:59:49,070 - WARNING - [WARNING] Saved to DB without file: Aug 01, 2025 - PKISRV01082025
2025-08-06 15:59:53,116 - INFO - Attempting to download: PKRV01082025
2025-08-06 15:59:53,116 - INFO - Download URL: https://mufap.com.pk/Upload/WebDoc/IndustryStatictics/PKRV0108202523818.csv
2025-08-06 15:59:59,514 - ERROR - No CSV file found after download for: PKRV01082025
2025-08-06 15:59:59,529 - WARNING - [WARNING] Saved to DB without file: Aug 01, 2025 - PKRV01082025
2025-08-06 16:00:03,504 - INFO - Attempting to download: PKFRV31072025
2025-08-06 16:00:03,504 - INFO - Download URL: https://mufap.com.pk/Upload/WebDoc/IndustryStatictics/PKFRV3107202523816.csv
2025-08-06 16:00:06,775 - WARNING - Error during download click: Message: no such window: target window already closed
from unknown error: web view not found
  (Session info: chrome=138.0.7204.184)
Stacktrace:
	GetHandleVerifier [0x0x7ff7129fe415+77285]
	GetHandleVerifier [0x0x7ff7129fe470+77376]
	(No symbol) [0x0x7ff7127c9a6a]
	(No symbol) [0x0x7ff7127a1f21]
	(No symbol) [0x0x7ff71284f9be]
	(No symbol) [0x0x7ff712859390]
	(No symbol) [0x0x7ff7128485d0]
	(No symbol) [0x0x7ff712811521]
	(No symbol) [0x0x7ff7128122b3]
	GetHandleVerifier [0x0x7ff712ce1efd+3107021]
	GetHandleVerifier [0x0x7ff712cdc29d+3083373]
	GetHandleVerifier [0x0x7ff712cfbedd+3213485]
	GetHandleVerifier [0x0x7ff712a1884e+184862]
	GetHandleVerifier [0x0x7ff712a2055f+216879]
	GetHandleVerifier [0x0x7ff712a07084+113236]
	GetHandleVerifier [0x0x7ff712a07239+113673]
	GetHandleVerifier [0x0x7ff7129ee298+11368]
	BaseThreadInitThunk [0x0x7ffbce1fe8d7+23]
	RtlUserThreadStart [0x0x7ffbceb7c34c+44]

2025-08-06 16:00:11,780 - ERROR - No CSV file found after download for: PKFRV31072025
2025-08-06 16:00:11,785 - WARNING - [WARNING] Saved to DB without file: Jul 31, 2025 - PKFRV31072025
2025-08-06 16:00:15,797 - INFO - Attempting to download: PKISRV31072025
2025-08-06 16:00:15,797 - INFO - Download URL: https://mufap.com.pk/Upload/WebDoc/IndustryStatictics/PKISRV3107202523815.csv
2025-08-06 16:00:19,094 - WARNING - Error during download click: Message: no such window: target window already closed
from unknown error: web view not found
  (Session info: chrome=138.0.7204.184)
Stacktrace:
	GetHandleVerifier [0x0x7ff7129fe415+77285]
	GetHandleVerifier [0x0x7ff7129fe470+77376]
	(No symbol) [0x0x7ff7127c9a6a]
	(No symbol) [0x0x7ff7127a1f21]
	(No symbol) [0x0x7ff71284f9be]
	(No symbol) [0x0x7ff712859390]
	(No symbol) [0x0x7ff7128485d0]
	(No symbol) [0x0x7ff712811521]
	(No symbol) [0x0x7ff7128122b3]
	GetHandleVerifier [0x0x7ff712ce1efd+3107021]
	GetHandleVerifier [0x0x7ff712cdc29d+3083373]
	GetHandleVerifier [0x0x7ff712cfbedd+3213485]
	GetHandleVerifier [0x0x7ff712a1884e+184862]
	GetHandleVerifier [0x0x7ff712a2055f+216879]
	GetHandleVerifier [0x0x7ff712a07084+113236]
	GetHandleVerifier [0x0x7ff712a07239+113673]
	GetHandleVerifier [0x0x7ff7129ee298+11368]
	BaseThreadInitThunk [0x0x7ffbce1fe8d7+23]
	RtlUserThreadStart [0x0x7ffbceb7c34c+44]

2025-08-06 16:00:24,099 - ERROR - No CSV file found after download for: PKISRV31072025
2025-08-06 16:00:24,107 - WARNING - [WARNING] Saved to DB without file: Jul 31, 2025 - PKISRV31072025
2025-08-06 16:00:28,221 - INFO - Attempting to download: PKRV31072025
2025-08-06 16:00:28,221 - INFO - Download URL: https://mufap.com.pk/Upload/WebDoc/IndustryStatictics/PKRV3107202523814.csv
2025-08-06 16:00:31,610 - WARNING - Error during download click: Message: no such window: target window already closed
from unknown error: web view not found
  (Session info: chrome=138.0.7204.184)
Stacktrace:
	GetHandleVerifier [0x0x7ff7129fe415+77285]
	GetHandleVerifier [0x0x7ff7129fe470+77376]
	(No symbol) [0x0x7ff7127c9a6a]
	(No symbol) [0x0x7ff7127a1f21]
	(No symbol) [0x0x7ff71284f9be]
	(No symbol) [0x0x7ff712859390]
	(No symbol) [0x0x7ff7128485d0]
	(No symbol) [0x0x7ff712811521]
	(No symbol) [0x0x7ff7128122b3]
	GetHandleVerifier [0x0x7ff712ce1efd+3107021]
	GetHandleVerifier [0x0x7ff712cdc29d+3083373]
	GetHandleVerifier [0x0x7ff712cfbedd+3213485]
	GetHandleVerifier [0x0x7ff712a1884e+184862]
	GetHandleVerifier [0x0x7ff712a2055f+216879]
	GetHandleVerifier [0x0x7ff712a07084+113236]
	GetHandleVerifier [0x0x7ff712a07239+113673]
	GetHandleVerifier [0x0x7ff7129ee298+11368]
	BaseThreadInitThunk [0x0x7ffbce1fe8d7+23]
	RtlUserThreadStart [0x0x7ffbceb7c34c+44]

2025-08-06 16:00:36,745 - ERROR - No CSV file found after download for: PKRV31072025
2025-08-06 16:00:36,753 - WARNING - [WARNING] Saved to DB without file: Jul 31, 2025 - PKRV31072025
2025-08-06 16:00:40,823 - INFO - Attempting to download: PKFRV30072025
2025-08-06 16:00:40,823 - INFO - Download URL: https://mufap.com.pk/Upload/WebDoc/IndustryStatictics/PKFRV3007202523811.csv
2025-08-06 16:00:44,087 - WARNING - Error during download click: Message: no such window: target window already closed
from unknown error: web view not found
  (Session info: chrome=138.0.7204.184)
Stacktrace:
	GetHandleVerifier [0x0x7ff7129fe415+77285]
	GetHandleVerifier [0x0x7ff7129fe470+77376]
	(No symbol) [0x0x7ff7127c9a6a]
	(No symbol) [0x0x7ff7127a1f21]
	(No symbol) [0x0x7ff71284f9be]
	(No symbol) [0x0x7ff712859390]
	(No symbol) [0x0x7ff7128485d0]
	(No symbol) [0x0x7ff712811521]
	(No symbol) [0x0x7ff7128122b3]
	GetHandleVerifier [0x0x7ff712ce1efd+3107021]
	GetHandleVerifier [0x0x7ff712cdc29d+3083373]
	GetHandleVerifier [0x0x7ff712cfbedd+3213485]
	GetHandleVerifier [0x0x7ff712a1884e+184862]
	GetHandleVerifier [0x0x7ff712a2055f+216879]
	GetHandleVerifier [0x0x7ff712a07084+113236]
	GetHandleVerifier [0x0x7ff712a07239+113673]
	GetHandleVerifier [0x0x7ff7129ee298+11368]
	BaseThreadInitThunk [0x0x7ffbce1fe8d7+23]
	RtlUserThreadStart [0x0x7ffbceb7c34c+44]

2025-08-06 16:00:45,780 - WARNING - Retrying (Retry(total=2, connect=None, read=None, redirect=None, status=None)) after connection broken by 'ConnectionResetError(10054, 'An existing connection was forcibly closed by the remote host', None, 10054, None)': /session/8daef39b609943c97dda174201fb11b0
2025-08-06 16:00:51,917 - INFO - Scraping interrupted by user
2025-08-06 16:03:20,041 - INFO - Starting MUFAP data scraper to collect links...
2025-08-06 16:03:21,403 - INFO - Chrome driver initialized successfully
2025-08-06 16:03:21,404 - INFO - Navigating to: https://mufap.com.pk/WebRegulations/Index?Head=Pricing&title=PKRV/PKISRV/PKFRV
2025-08-06 16:03:29,950 - INFO - Processing page 1
2025-08-06 16:03:29,950 - INFO - Attempting to extract table rows (timeout: 15s)...
2025-08-06 16:03:33,096 - INFO - Attempt 4: Found 30 rows
2025-08-06 16:03:33,096 - INFO - Extracted 30 rows after 4 attempts
2025-08-06 16:03:33,096 - INFO - Found 30 potential links on page 1
2025-08-06 16:03:34,156 - INFO - Clicked next page button
2025-08-06 16:03:39,158 - INFO - Processing page 2
2025-08-06 16:03:39,158 - INFO - Attempting to extract table rows (timeout: 15s)...
2025-08-06 16:03:40,150 - INFO - Attempt 1: Found 30 rows
2025-08-06 16:03:41,599 - INFO - Extracted 30 rows after 2 attempts
2025-08-06 16:03:41,600 - INFO - Found 30 potential links on page 2
2025-08-06 16:03:42,640 - INFO - Clicked next page button
2025-08-06 16:03:47,641 - INFO - Processing page 3
2025-08-06 16:03:47,641 - INFO - Attempting to extract table rows (timeout: 15s)...
2025-08-06 16:03:48,486 - INFO - Attempt 1: Found 30 rows
2025-08-06 16:03:49,839 - INFO - Extracted 30 rows after 2 attempts
2025-08-06 16:03:49,839 - INFO - Found 30 potential links on page 3
2025-08-06 16:03:50,886 - INFO - Clicked next page button
2025-08-06 16:03:55,889 - INFO - Processing page 4
2025-08-06 16:03:55,889 - INFO - Attempting to extract table rows (timeout: 15s)...
2025-08-06 16:03:56,699 - INFO - Attempt 1: Found 30 rows
2025-08-06 16:03:57,991 - INFO - Extracted 30 rows after 2 attempts
2025-08-06 16:03:57,991 - INFO - Found 30 potential links on page 4
2025-08-06 16:03:59,027 - INFO - Clicked next page button
2025-08-06 16:04:04,028 - INFO - Processing page 5
2025-08-06 16:04:04,028 - INFO - Attempting to extract table rows (timeout: 15s)...
2025-08-06 16:04:04,943 - INFO - Attempt 1: Found 30 rows
2025-08-06 16:04:06,282 - INFO - Extracted 30 rows after 2 attempts
2025-08-06 16:04:06,282 - INFO - Found 30 potential links on page 5
2025-08-06 16:04:07,316 - INFO - Clicked next page button
2025-08-06 16:04:12,318 - INFO - Processing page 6
2025-08-06 16:04:12,318 - INFO - Attempting to extract table rows (timeout: 15s)...
2025-08-06 16:04:13,161 - INFO - Attempt 1: Found 30 rows
2025-08-06 16:04:14,492 - INFO - Extracted 30 rows after 2 attempts
2025-08-06 16:04:14,493 - INFO - Found 30 potential links on page 6
2025-08-06 16:04:15,525 - INFO - Clicked next page button
2025-08-06 16:04:20,526 - INFO - Processing page 7
2025-08-06 16:04:20,526 - INFO - Attempting to extract table rows (timeout: 15s)...
2025-08-06 16:04:21,316 - INFO - Attempt 1: Found 30 rows
2025-08-06 16:04:22,665 - INFO - Extracted 30 rows after 2 attempts
2025-08-06 16:04:22,665 - INFO - Found 30 potential links on page 7
2025-08-06 16:04:23,703 - INFO - Clicked next page button
2025-08-06 16:04:28,705 - INFO - Processing page 8
2025-08-06 16:04:28,705 - INFO - Attempting to extract table rows (timeout: 15s)...
2025-08-06 16:04:29,515 - INFO - Attempt 1: Found 30 rows
2025-08-06 16:04:30,775 - INFO - Extracted 30 rows after 2 attempts
2025-08-06 16:04:30,775 - INFO - Found 30 potential links on page 8
2025-08-06 16:04:31,810 - INFO - Clicked next page button
2025-08-06 16:04:36,813 - INFO - Processing page 9
2025-08-06 16:04:36,813 - INFO - Attempting to extract table rows (timeout: 15s)...
2025-08-06 16:04:37,627 - INFO - Attempt 1: Found 30 rows
2025-08-06 16:04:38,897 - INFO - Extracted 30 rows after 2 attempts
2025-08-06 16:04:38,898 - INFO - Found 30 potential links on page 9
2025-08-06 16:04:39,943 - INFO - Clicked next page button
2025-08-06 16:04:44,944 - INFO - Processing page 10
2025-08-06 16:04:44,944 - INFO - Attempting to extract table rows (timeout: 15s)...
2025-08-06 16:04:45,827 - INFO - Attempt 1: Found 30 rows
2025-08-06 16:04:47,258 - INFO - Extracted 30 rows after 2 attempts
2025-08-06 16:04:47,258 - INFO - Found 30 potential links on page 10
2025-08-06 16:04:48,299 - INFO - Clicked next page button
2025-08-06 16:04:53,300 - INFO - Processing page 11
2025-08-06 16:04:53,300 - INFO - Attempting to extract table rows (timeout: 15s)...
2025-08-06 16:04:54,128 - INFO - Attempt 1: Found 30 rows
2025-08-06 16:04:55,364 - INFO - Extracted 30 rows after 2 attempts
2025-08-06 16:04:55,364 - INFO - Found 30 potential links on page 11
2025-08-06 16:04:56,401 - INFO - Clicked next page button
2025-08-06 16:05:01,402 - INFO - Processing page 12
2025-08-06 16:05:01,402 - INFO - Attempting to extract table rows (timeout: 15s)...
2025-08-06 16:05:02,172 - INFO - Attempt 1: Found 30 rows
2025-08-06 16:05:03,432 - INFO - Extracted 30 rows after 2 attempts
2025-08-06 16:05:03,432 - INFO - Found 30 potential links on page 12
2025-08-06 16:05:04,469 - INFO - Clicked next page button
2025-08-06 16:05:09,470 - INFO - Processing page 13
2025-08-06 16:05:09,470 - INFO - Attempting to extract table rows (timeout: 15s)...
2025-08-06 16:05:10,233 - INFO - Attempt 1: Found 30 rows
2025-08-06 16:05:11,549 - INFO - Extracted 30 rows after 2 attempts
2025-08-06 16:05:11,549 - INFO - Found 30 potential links on page 13
2025-08-06 16:05:12,585 - INFO - Clicked next page button
2025-08-06 16:05:17,587 - INFO - Processing page 14
2025-08-06 16:05:17,587 - INFO - Attempting to extract table rows (timeout: 15s)...
2025-08-06 16:05:18,397 - INFO - Attempt 1: Found 30 rows
2025-08-06 16:05:19,716 - INFO - Extracted 30 rows after 2 attempts
2025-08-06 16:05:19,717 - INFO - Found 30 potential links on page 14
2025-08-06 16:05:20,757 - INFO - Clicked next page button
2025-08-06 16:05:25,758 - INFO - Processing page 15
2025-08-06 16:05:25,758 - INFO - Attempting to extract table rows (timeout: 15s)...
2025-08-06 16:05:26,557 - INFO - Attempt 1: Found 30 rows
2025-08-06 16:05:27,822 - INFO - Extracted 30 rows after 2 attempts
2025-08-06 16:05:27,823 - INFO - Found 30 potential links on page 15
2025-08-06 16:05:28,861 - INFO - Clicked next page button
2025-08-06 16:05:33,862 - INFO - Processing page 16
2025-08-06 16:05:33,862 - INFO - Attempting to extract table rows (timeout: 15s)...
2025-08-06 16:05:34,613 - INFO - Attempt 1: Found 30 rows
2025-08-06 16:05:35,926 - INFO - Extracted 30 rows after 2 attempts
2025-08-06 16:05:35,927 - INFO - Found 30 potential links on page 16
2025-08-06 16:05:36,962 - INFO - Clicked next page button
2025-08-06 16:05:41,964 - INFO - Processing page 17
2025-08-06 16:05:41,964 - INFO - Attempting to extract table rows (timeout: 15s)...
2025-08-06 16:05:42,791 - INFO - Attempt 1: Found 30 rows
2025-08-06 16:05:44,108 - INFO - Extracted 30 rows after 2 attempts
2025-08-06 16:05:44,108 - INFO - Found 30 potential links on page 17
2025-08-06 16:05:45,141 - INFO - Clicked next page button
2025-08-06 16:05:50,142 - INFO - Processing page 18
2025-08-06 16:05:50,142 - INFO - Attempting to extract table rows (timeout: 15s)...
2025-08-06 16:05:50,984 - INFO - Attempt 1: Found 30 rows
2025-08-06 16:05:52,265 - INFO - Extracted 30 rows after 2 attempts
2025-08-06 16:05:52,265 - INFO - Found 30 potential links on page 18
2025-08-06 16:05:53,301 - INFO - Clicked next page button
2025-08-06 16:05:58,303 - INFO - Processing page 19
2025-08-06 16:05:58,303 - INFO - Attempting to extract table rows (timeout: 15s)...
2025-08-06 16:05:59,072 - INFO - Attempt 1: Found 30 rows
2025-08-06 16:06:00,416 - INFO - Extracted 30 rows after 2 attempts
2025-08-06 16:06:00,417 - INFO - Found 30 potential links on page 19
2025-08-06 16:06:01,454 - INFO - Clicked next page button
2025-08-06 16:06:06,454 - INFO - Processing page 20
2025-08-06 16:06:06,454 - INFO - Attempting to extract table rows (timeout: 15s)...
2025-08-06 16:06:07,223 - INFO - Attempt 1: Found 30 rows
2025-08-06 16:06:08,552 - INFO - Extracted 30 rows after 2 attempts
2025-08-06 16:06:08,552 - INFO - Found 30 potential links on page 20
2025-08-06 16:06:09,583 - INFO - Clicked next page button
2025-08-06 16:06:14,585 - INFO - Processing page 21
2025-08-06 16:06:14,585 - INFO - Attempting to extract table rows (timeout: 15s)...
2025-08-06 16:06:15,419 - INFO - Attempt 1: Found 30 rows
2025-08-06 16:06:16,733 - INFO - Extracted 30 rows after 2 attempts
2025-08-06 16:06:16,733 - INFO - Found 30 potential links on page 21
2025-08-06 16:06:17,769 - INFO - Clicked next page button
2025-08-06 16:06:22,771 - INFO - Processing page 22
2025-08-06 16:06:22,771 - INFO - Attempting to extract table rows (timeout: 15s)...
2025-08-06 16:06:23,524 - INFO - Attempt 1: Found 30 rows
2025-08-06 16:06:24,903 - INFO - Extracted 30 rows after 2 attempts
2025-08-06 16:06:24,903 - INFO - Found 30 potential links on page 22
2025-08-06 16:06:25,935 - INFO - Clicked next page button
2025-08-06 16:06:30,937 - INFO - Processing page 23
2025-08-06 16:06:30,937 - INFO - Attempting to extract table rows (timeout: 15s)...
2025-08-06 16:06:31,698 - INFO - Attempt 1: Found 30 rows
2025-08-06 16:06:33,130 - INFO - Extracted 30 rows after 2 attempts
2025-08-06 16:06:33,130 - INFO - Found 30 potential links on page 23
2025-08-06 16:06:34,171 - INFO - Clicked next page button
2025-08-06 16:06:39,173 - INFO - Processing page 24
2025-08-06 16:06:39,173 - INFO - Attempting to extract table rows (timeout: 15s)...
2025-08-06 16:06:39,938 - INFO - Attempt 1: Found 30 rows
2025-08-06 16:06:41,189 - INFO - Extracted 30 rows after 2 attempts
2025-08-06 16:06:41,190 - INFO - Found 30 potential links on page 24
2025-08-06 16:06:42,228 - INFO - Clicked next page button
2025-08-06 16:06:47,232 - INFO - Processing page 25
2025-08-06 16:06:47,232 - INFO - Attempting to extract table rows (timeout: 15s)...
2025-08-06 16:06:48,032 - INFO - Attempt 1: Found 30 rows
2025-08-06 16:06:49,306 - INFO - Extracted 30 rows after 2 attempts
2025-08-06 16:06:49,306 - INFO - Found 30 potential links on page 25
2025-08-06 16:06:50,365 - INFO - Clicked next page button
2025-08-06 16:06:55,366 - INFO - Processing page 26
2025-08-06 16:06:55,366 - INFO - Attempting to extract table rows (timeout: 15s)...
2025-08-06 16:06:56,129 - INFO - Attempt 1: Found 30 rows
2025-08-06 16:06:57,511 - INFO - Extracted 30 rows after 2 attempts
2025-08-06 16:06:57,511 - INFO - Found 30 potential links on page 26
2025-08-06 16:06:58,551 - INFO - Clicked next page button
2025-08-06 16:07:03,552 - INFO - Processing page 27
2025-08-06 16:07:03,552 - INFO - Attempting to extract table rows (timeout: 15s)...
2025-08-06 16:07:04,366 - INFO - Attempt 1: Found 30 rows
2025-08-06 16:07:05,655 - INFO - Extracted 30 rows after 2 attempts
2025-08-06 16:07:05,655 - INFO - Found 30 potential links on page 27
2025-08-06 16:07:06,705 - INFO - Clicked next page button
2025-08-06 16:07:11,710 - INFO - Processing page 28
2025-08-06 16:07:11,710 - INFO - Attempting to extract table rows (timeout: 15s)...
2025-08-06 16:07:12,607 - INFO - Attempt 1: Found 30 rows
2025-08-06 16:07:13,981 - INFO - Extracted 30 rows after 2 attempts
2025-08-06 16:07:13,981 - INFO - Found 30 potential links on page 28
2025-08-06 16:07:15,015 - INFO - Clicked next page button
2025-08-06 16:07:20,016 - INFO - Processing page 29
2025-08-06 16:07:20,016 - INFO - Attempting to extract table rows (timeout: 15s)...
2025-08-06 16:07:20,897 - INFO - Attempt 1: Found 30 rows
2025-08-06 16:07:22,168 - INFO - Extracted 30 rows after 2 attempts
2025-08-06 16:07:22,168 - INFO - Found 30 potential links on page 29
2025-08-06 16:07:23,211 - INFO - Clicked next page button
2025-08-06 16:07:28,213 - INFO - Processing page 30
2025-08-06 16:07:28,213 - INFO - Attempting to extract table rows (timeout: 15s)...
2025-08-06 16:07:28,998 - INFO - Attempt 1: Found 30 rows
2025-08-06 16:07:30,443 - INFO - Extracted 30 rows after 2 attempts
2025-08-06 16:07:30,443 - INFO - Found 30 potential links on page 30
2025-08-06 16:07:31,481 - INFO - Clicked next page button
2025-08-06 16:07:36,482 - INFO - Processing page 31
2025-08-06 16:07:36,482 - INFO - Attempting to extract table rows (timeout: 15s)...
2025-08-06 16:07:37,519 - INFO - Attempt 1: Found 30 rows
2025-08-06 16:07:38,848 - INFO - Extracted 30 rows after 2 attempts
2025-08-06 16:07:38,848 - INFO - Found 30 potential links on page 31
2025-08-06 16:07:39,882 - INFO - Clicked next page button
2025-08-06 16:07:44,883 - INFO - Processing page 32
2025-08-06 16:07:44,883 - INFO - Attempting to extract table rows (timeout: 15s)...
2025-08-06 16:07:45,740 - INFO - Attempt 1: Found 30 rows
2025-08-06 16:07:46,998 - INFO - Extracted 30 rows after 2 attempts
2025-08-06 16:07:46,999 - INFO - Found 30 potential links on page 32
2025-08-06 16:07:48,032 - INFO - Clicked next page button
2025-08-06 16:07:53,035 - INFO - Processing page 33
2025-08-06 16:07:53,035 - INFO - Attempting to extract table rows (timeout: 15s)...
2025-08-06 16:07:53,863 - INFO - Attempt 1: Found 30 rows
2025-08-06 16:07:55,250 - INFO - Extracted 30 rows after 2 attempts
2025-08-06 16:07:55,250 - INFO - Found 30 potential links on page 33
2025-08-06 16:07:56,285 - INFO - Clicked next page button
2025-08-06 16:08:01,286 - INFO - Processing page 34
2025-08-06 16:08:01,286 - INFO - Attempting to extract table rows (timeout: 15s)...
2025-08-06 16:08:02,065 - INFO - Attempt 1: Found 30 rows
2025-08-06 16:08:03,415 - INFO - Extracted 30 rows after 2 attempts
2025-08-06 16:08:03,415 - INFO - Found 30 potential links on page 34
2025-08-06 16:08:04,448 - INFO - Clicked next page button
2025-08-06 16:08:09,449 - INFO - Processing page 35
2025-08-06 16:08:09,449 - INFO - Attempting to extract table rows (timeout: 15s)...
2025-08-06 16:08:10,394 - INFO - Attempt 1: Found 30 rows
2025-08-06 16:08:11,699 - INFO - Extracted 30 rows after 2 attempts
2025-08-06 16:08:11,700 - INFO - Found 30 potential links on page 35
2025-08-06 16:08:12,734 - INFO - Clicked next page button
2025-08-06 16:08:17,738 - INFO - Processing page 36
2025-08-06 16:08:17,738 - INFO - Attempting to extract table rows (timeout: 15s)...
2025-08-06 16:08:18,527 - INFO - Attempt 1: Found 30 rows
2025-08-06 16:08:19,809 - INFO - Extracted 30 rows after 2 attempts
2025-08-06 16:08:19,810 - INFO - Found 30 potential links on page 36
2025-08-06 16:08:20,846 - INFO - Clicked next page button
2025-08-06 16:08:25,848 - INFO - Processing page 37
2025-08-06 16:08:25,848 - INFO - Attempting to extract table rows (timeout: 15s)...
2025-08-06 16:08:26,691 - INFO - Attempt 1: Found 30 rows
2025-08-06 16:08:28,043 - INFO - Extracted 30 rows after 2 attempts
2025-08-06 16:08:28,043 - INFO - Found 30 potential links on page 37
2025-08-06 16:08:29,083 - INFO - Clicked next page button
2025-08-06 16:08:29,362 - WARNING - Retrying (Retry(total=2, connect=None, read=None, redirect=None, status=None)) after connection broken by 'ConnectionResetError(10054, 'An existing connection was forcibly closed by the remote host', None, 10054, None)': /session/a822a6582301a5d864736a71304f3be4
2025-08-06 16:08:35,480 - INFO - Scraping interrupted by user
2025-08-06 16:08:35,491 - INFO - Successfully saved 1110 links to mufap_data\mufap_download_links.csv
2025-08-06 16:08:39,557 - WARNING - Retrying (Retry(total=2, connect=None, read=None, redirect=None, status=None)) after connection broken by 'NewConnectionError('<urllib3.connection.HTTPConnection object at 0x00000203D1CD1FD0>: Failed to establish a new connection: [WinError 10061] No connection could be made because the target machine actively refused it')': /session/a822a6582301a5d864736a71304f3be4
2025-08-06 16:08:43,619 - WARNING - Retrying (Retry(total=1, connect=None, read=None, redirect=None, status=None)) after connection broken by 'NewConnectionError('<urllib3.connection.HTTPConnection object at 0x00000203D1CD2180>: Failed to establish a new connection: [WinError 10061] No connection could be made because the target machine actively refused it')': /session/a822a6582301a5d864736a71304f3be4
2025-08-06 16:08:47,684 - WARNING - Retrying (Retry(total=0, connect=None, read=None, redirect=None, status=None)) after connection broken by 'NewConnectionError('<urllib3.connection.HTTPConnection object at 0x00000203D1CD2300>: Failed to establish a new connection: [WinError 10061] No connection could be made because the target machine actively refused it')': /session/a822a6582301a5d864736a71304f3be4
2025-08-06 16:08:55,787 - INFO - Browser closed
